PopularMovies/app/build/intermediates/manifest_merge_blame_file/debug/manifest-merger-blame-debug-report.txt
1<?xml version="1.0" encoding="utf-8"?>
2<manifest xmlns:android="http://schemas.android.com/apk/res/android"
3    package="com.example.android.popularmovies"
4    android:versionCode="1"
5    android:versionName="1.0" >
6
7    <uses-sdk
8        android:minSdkVersion="15"
8-->src\main\AndroidManifest.xml
9        android:targetSdkVersion="27" />
9-->src\main\AndroidManifest.xml
10
11    <uses-permission android:name="android.permission.INTERNET" />
11-->src\main\AndroidManifest.xml:4:5-67
11-->src\main\AndroidManifest.xml:4:22-64
12
13    <application
13-->src\main\AndroidManifest.xml:6:5-27:19
14        android:allowBackup="true"
14-->src\main\AndroidManifest.xml:7:9-35
15        android:debuggable="true"
16        android:icon="@mipmap/ic_launcher"
16-->src\main\AndroidManifest.xml:8:9-43
17        android:label="@string/app_name"
17-->src\main\AndroidManifest.xml:9:9-41
18        android:roundIcon="@mipmap/ic_launcher_round"
18-->src\main\AndroidManifest.xml:10:9-54
19        android:supportsRtl="true"
19-->src\main\AndroidManifest.xml:11:9-35
20        android:testOnly="true"
21        android:theme="@style/AppTheme" >
21-->src\main\AndroidManifest.xml:12:9-40
22        <activity
22-->src\main\AndroidManifest.xml:13:9-20:20
23            android:name="com.example.android.popularmovies.MainActivity"
23-->src\main\AndroidManifest.xml:13:19-47
24            android:launchMode="singleTask" >
24-->src\main\AndroidManifest.xml:14:19-50
25>
26            <intent-filter>
26-->src\main\AndroidManifest.xml:15:13-19:29
27                <action android:name="android.intent.action.MAIN" />
27-->src\main\AndroidManifest.xml:16:17-69
27-->src\main\AndroidManifest.xml:16:25-66
28
29                <category android:name="android.intent.category.LAUNCHER" />
29-->src\main\AndroidManifest.xml:18:17-77
29-->src\main\AndroidManifest.xml:18:27-74
30            </intent-filter>
31        </activity>
32        <activity
32-->src\main\AndroidManifest.xml:21:9-22:106
33            android:name="com.example.android.popularmovies.DetailMovie"
33-->src\main\AndroidManifest.xml:21:19-46
34            android:parentActivityName="com.example.android.popularmovies.MainActivity" />
34-->src\main\AndroidManifest.xml:22:18-93
35
36        <provider
36-->src\main\AndroidManifest.xml:23:9-26:39
37            android:name="com.example.android.popularmovies.Data.MovieContentProvider"
37-->src\main\AndroidManifest.xml:24:13-87
38            android:authorities="com.example.android.popularmovies"
38-->src\main\AndroidManifest.xml:25:13-68
39            android:exported="false" />
39-->src\main\AndroidManifest.xml:26:13-37
40    </application>
41
42</manifest>